F:\PROJECTS-MACHINE VISION\IMAGEENHANCER\IMAGEENHANCER\X64\DEBUG\IMAGEENHANCER.PCH
F:\PROJECTS-MACHINE VISION\IMAGEENHANCER\IMAGEENHANCER\X64\DEBUG\STDAFX.OBJ
F:\PROJECTS-MACHINE VISION\IMAGEENHANCER\IMAGEENHANCER\X64\DEBUG\VC110.PDB
F:\PROJECTS-MACHINE VISION\IMAGEENHANCER\IMAGEENHANCER\X64\DEBUG\IMAGEENHANCER.OBJ
F:\PROJECTS-MACHINE VISION\IMAGEENHANCER\X64\DEBUG\IMAGEENHANCER.ILK
F:\PROJECTS-MACHINE VISION\IMAGEENHANCER\X64\DEBUG\IMAGEENHANCER.EXE
F:\Projects-Machine Vision\imageEnhancer\imageEnhancer\x64\Debug\imageEnhancer.obj
F:\Projects-Machine Vision\imageEnhancer\imageEnhancer\x64\Debug\stdafx.obj
F:\Projects-Machine Vision\imageEnhancer\imageEnhancer\x64\Debug\cl.command.1.tlog
F:\Projects-Machine Vision\imageEnhancer\imageEnhancer\x64\Debug\CL.read.1.tlog
F:\Projects-Machine Vision\imageEnhancer\imageEnhancer\x64\Debug\CL.write.1.tlog
F:\Projects-Machine Vision\imageEnhancer\imageEnhancer\x64\Debug\link-cvtres.read.1.tlog
F:\Projects-Machine Vision\imageEnhancer\imageEnhancer\x64\Debug\link-cvtres.write.1.tlog
F:\Projects-Machine Vision\imageEnhancer\imageEnhancer\x64\Debug\link-rc.read.1.tlog
F:\Projects-Machine Vision\imageEnhancer\imageEnhancer\x64\Debug\link-rc.write.1.tlog
F:\Projects-Machine Vision\imageEnhancer\imageEnhancer\x64\Debug\link.command.1.tlog
F:\Projects-Machine Vision\imageEnhancer\imageEnhancer\x64\Debug\link.read.1.tlog
F:\Projects-Machine Vision\imageEnhancer\imageEnhancer\x64\Debug\link.write.1.tlog
F:\Projects-Machine Vision\imageEnhancer\imageEnhancer\x64\Debug\imageEnhancer.pch
F:\Projects-Machine Vision\imageEnhancer\imageEnhancer\x64\Debug\vc110.idb
F:\Projects-Machine Vision\imageEnhancer\imageEnhancer\x64\Debug\vc110.pdb
F:\Projects-Machine Vision\imageEnhancer\x64\Debug\imageEnhancer.exe
F:\Projects-Machine Vision\imageEnhancer\x64\Debug\imageEnhancer.ilk
