c:\users\charith\desktop\imageenhancing\imageenhancer\mygui\x64\debug\vc140.pdb
c:\users\charith\desktop\imageenhancing\imageenhancer\mygui\x64\debug\.netframework,version=v4.6.2.assemblyattributes.obj
c:\users\charith\desktop\imageenhancing\imageenhancer\mygui\x64\debug\.netframework,version=v4.6.2.assemblyattributes.asm
c:\users\charith\desktop\imageenhancing\imageenhancer\mygui\x64\debug\myform.obj
c:\users\charith\desktop\imageenhancing\imageenhancer\mygui\x64\debug\mygui.myform.resources
c:\users\charith\desktop\imageenhancing\imageenhancer\mygui\x64\debug\mygui.vcxproj.generateresource.cache
c:\users\charith\desktop\imageenhancing\imageenhancer\x64\debug\mygui.pdb
c:\users\charith\desktop\imageenhancing\imageenhancer\mygui\x64\debug\mygui.tlog\cl.command.1.tlog
c:\users\charith\desktop\imageenhancing\imageenhancer\mygui\x64\debug\mygui.tlog\cl.read.1.tlog
c:\users\charith\desktop\imageenhancing\imageenhancer\mygui\x64\debug\mygui.tlog\cl.write.1.tlog
c:\users\charith\desktop\imageenhancing\imageenhancer\mygui\x64\debug\mygui.tlog\link.20688.13812-cvtres.read.1.tlog
c:\users\charith\desktop\imageenhancing\imageenhancer\mygui\x64\debug\mygui.tlog\link.20688.13812-cvtres.write.1.tlog
c:\users\charith\desktop\imageenhancing\imageenhancer\mygui\x64\debug\mygui.tlog\link.20688.13812-rc.read.1.tlog
c:\users\charith\desktop\imageenhancing\imageenhancer\mygui\x64\debug\mygui.tlog\link.20688.13812-rc.write.1.tlog
c:\users\charith\desktop\imageenhancing\imageenhancer\mygui\x64\debug\mygui.tlog\link.20688.13812.read.1.tlog
c:\users\charith\desktop\imageenhancing\imageenhancer\mygui\x64\debug\mygui.tlog\link.20688.13812.write.1.tlog
c:\users\charith\desktop\imageenhancing\imageenhancer\mygui\x64\debug\mygui.tlog\link.20688.read.1.tlog
c:\users\charith\desktop\imageenhancing\imageenhancer\mygui\x64\debug\mygui.tlog\link.20688.write.1.tlog
c:\users\charith\desktop\imageenhancing\imageenhancer\mygui\x64\debug\mygui.tlog\link.command.1.tlog
c:\users\charith\desktop\imageenhancing\imageenhancer\mygui\x64\debug\mygui.tlog\link.read.1.tlog
c:\users\charith\desktop\imageenhancing\imageenhancer\mygui\x64\debug\mygui.tlog\link.write.1.tlog
c:\users\charith\desktop\imageenhancing\imageenhancer\mygui\x64\debug\mygui.tlog\metagen.read.1.tlog
c:\users\charith\desktop\imageenhancing\imageenhancer\mygui\x64\debug\mygui.tlog\metagen.write.1.tlog
c:\users\charith\desktop\imageenhancing\imageenhancer\mygui\x64\debug\mygui.tlog\mygui.write.1u.tlog
c:\users\charith\desktop\imageenhancing\imageenhancer\mygui\x64\debug\mygui.tlog\tzres.dll.bi
