F:\PROJECTS-MACHINE VISION\GUI\GUIIMAGEENHANCER\GUIIMAGEENHANCER\X64\DEBUG\.NETFRAMEWORK,VERSION=V4.5.ASSEMBLYATTRIBUTES.OBJ
F:\PROJECTS-MACHINE VISION\GUI\GUIIMAGEENHANCER\GUIIMAGEENHANCER\X64\DEBUG\VC110.PDB
F:\PROJECTS-MACHINE VISION\GUI\GUIIMAGEENHANCER\GUIIMAGEENHANCER\X64\DEBUG\MAINFORM.OBJ
F:\Projects-Machine Vision\GUI\GUIImageEnhancer\GUIImageEnhancer\x64\Debug\GUIImageEnhancer.MainForm.resources
F:\PROJECTS-MACHINE VISION\GUI\GUIIMAGEENHANCER\X64\DEBUG\GUIIMAGEENHANCER.ILK
F:\PROJECTS-MACHINE VISION\GUI\GUIIMAGEENHANCER\X64\DEBUG\GUIIMAGEENHANCER.EXE
F:\PROJECTS-MACHINE VISION\GUI\GUIIMAGEENHANCER\X64\DEBUG\GUIIMAGEENHANCER.PDB
F:\Projects-Machine Vision\GUI\GUIImageEnhancer\GUIImageEnhancer\x64\Debug\GUIImageEnhancer.vcxproj.GenerateResource.Cache
F:\Projects-Machine Vision\GUI\GUIImageEnhancer\GUIImageEnhancer\x64\Debug\GUIImageEnhancer.vcxprojResolveAssemblyReference.cache
F:\Projects-Machine Vision\GUI\GUIImageEnhancer\GUIImageEnhancer\x64\Debug\.NETFramework,Version=v4.5.AssemblyAttributes.obj
F:\Projects-Machine Vision\GUI\GUIImageEnhancer\GUIImageEnhancer\x64\Debug\MainForm.obj
F:\Projects-Machine Vision\GUI\GUIImageEnhancer\GUIImageEnhancer\x64\Debug\cl.command.1.tlog
F:\Projects-Machine Vision\GUI\GUIImageEnhancer\GUIImageEnhancer\x64\Debug\CL.read.1.tlog
F:\Projects-Machine Vision\GUI\GUIImageEnhancer\GUIImageEnhancer\x64\Debug\CL.write.1.tlog
F:\Projects-Machine Vision\GUI\GUIImageEnhancer\GUIImageEnhancer\x64\Debug\GUIImageEnhancer.write.1.tlog
F:\Projects-Machine Vision\GUI\GUIImageEnhancer\GUIImageEnhancer\x64\Debug\link.1008-cvtres.read.1.tlog
F:\Projects-Machine Vision\GUI\GUIImageEnhancer\GUIImageEnhancer\x64\Debug\link.1008-cvtres.write.1.tlog
F:\Projects-Machine Vision\GUI\GUIImageEnhancer\GUIImageEnhancer\x64\Debug\link.1008-rc.read.1.tlog
F:\Projects-Machine Vision\GUI\GUIImageEnhancer\GUIImageEnhancer\x64\Debug\link.1008-rc.write.1.tlog
F:\Projects-Machine Vision\GUI\GUIImageEnhancer\GUIImageEnhancer\x64\Debug\link.1008.read.1.tlog
F:\Projects-Machine Vision\GUI\GUIImageEnhancer\GUIImageEnhancer\x64\Debug\link.1008.write.1.tlog
F:\Projects-Machine Vision\GUI\GUIImageEnhancer\GUIImageEnhancer\x64\Debug\link.1064-cvtres.read.1.tlog
F:\Projects-Machine Vision\GUI\GUIImageEnhancer\GUIImageEnhancer\x64\Debug\link.1064-cvtres.write.1.tlog
F:\Projects-Machine Vision\GUI\GUIImageEnhancer\GUIImageEnhancer\x64\Debug\link.1064-rc.read.1.tlog
F:\Projects-Machine Vision\GUI\GUIImageEnhancer\GUIImageEnhancer\x64\Debug\link.1064-rc.write.1.tlog
F:\Projects-Machine Vision\GUI\GUIImageEnhancer\GUIImageEnhancer\x64\Debug\link.1064.read.1.tlog
F:\Projects-Machine Vision\GUI\GUIImageEnhancer\GUIImageEnhancer\x64\Debug\link.1064.write.1.tlog
F:\Projects-Machine Vision\GUI\GUIImageEnhancer\GUIImageEnhancer\x64\Debug\link.2696-cvtres.read.1.tlog
F:\Projects-Machine Vision\GUI\GUIImageEnhancer\GUIImageEnhancer\x64\Debug\link.2696-cvtres.write.1.tlog
F:\Projects-Machine Vision\GUI\GUIImageEnhancer\GUIImageEnhancer\x64\Debug\link.2696-rc.read.1.tlog
F:\Projects-Machine Vision\GUI\GUIImageEnhancer\GUIImageEnhancer\x64\Debug\link.2696-rc.write.1.tlog
F:\Projects-Machine Vision\GUI\GUIImageEnhancer\GUIImageEnhancer\x64\Debug\link.2696.read.1.tlog
F:\Projects-Machine Vision\GUI\GUIImageEnhancer\GUIImageEnhancer\x64\Debug\link.2696.write.1.tlog
F:\Projects-Machine Vision\GUI\GUIImageEnhancer\GUIImageEnhancer\x64\Debug\link.4428-cvtres.read.1.tlog
F:\Projects-Machine Vision\GUI\GUIImageEnhancer\GUIImageEnhancer\x64\Debug\link.4428-cvtres.write.1.tlog
F:\Projects-Machine Vision\GUI\GUIImageEnhancer\GUIImageEnhancer\x64\Debug\link.4428-rc.read.1.tlog
F:\Projects-Machine Vision\GUI\GUIImageEnhancer\GUIImageEnhancer\x64\Debug\link.4428-rc.write.1.tlog
F:\Projects-Machine Vision\GUI\GUIImageEnhancer\GUIImageEnhancer\x64\Debug\link.4428.read.1.tlog
F:\Projects-Machine Vision\GUI\GUIImageEnhancer\GUIImageEnhancer\x64\Debug\link.4428.write.1.tlog
F:\Projects-Machine Vision\GUI\GUIImageEnhancer\GUIImageEnhancer\x64\Debug\link.5596-cvtres.read.1.tlog
F:\Projects-Machine Vision\GUI\GUIImageEnhancer\GUIImageEnhancer\x64\Debug\link.5596-cvtres.write.1.tlog
F:\Projects-Machine Vision\GUI\GUIImageEnhancer\GUIImageEnhancer\x64\Debug\link.5596-rc.read.1.tlog
F:\Projects-Machine Vision\GUI\GUIImageEnhancer\GUIImageEnhancer\x64\Debug\link.5596-rc.write.1.tlog
F:\Projects-Machine Vision\GUI\GUIImageEnhancer\GUIImageEnhancer\x64\Debug\link.5596.read.1.tlog
F:\Projects-Machine Vision\GUI\GUIImageEnhancer\GUIImageEnhancer\x64\Debug\link.5596.write.1.tlog
F:\Projects-Machine Vision\GUI\GUIImageEnhancer\GUIImageEnhancer\x64\Debug\link.5816-cvtres.read.1.tlog
F:\Projects-Machine Vision\GUI\GUIImageEnhancer\GUIImageEnhancer\x64\Debug\link.5816-cvtres.write.1.tlog
F:\Projects-Machine Vision\GUI\GUIImageEnhancer\GUIImageEnhancer\x64\Debug\link.5816-rc.read.1.tlog
F:\Projects-Machine Vision\GUI\GUIImageEnhancer\GUIImageEnhancer\x64\Debug\link.5816-rc.write.1.tlog
F:\Projects-Machine Vision\GUI\GUIImageEnhancer\GUIImageEnhancer\x64\Debug\link.5816.read.1.tlog
F:\Projects-Machine Vision\GUI\GUIImageEnhancer\GUIImageEnhancer\x64\Debug\link.5816.write.1.tlog
F:\Projects-Machine Vision\GUI\GUIImageEnhancer\GUIImageEnhancer\x64\Debug\link.5908-cvtres.read.1.tlog
F:\Projects-Machine Vision\GUI\GUIImageEnhancer\GUIImageEnhancer\x64\Debug\link.5908-cvtres.write.1.tlog
F:\Projects-Machine Vision\GUI\GUIImageEnhancer\GUIImageEnhancer\x64\Debug\link.5908-rc.read.1.tlog
F:\Projects-Machine Vision\GUI\GUIImageEnhancer\GUIImageEnhancer\x64\Debug\link.5908-rc.write.1.tlog
F:\Projects-Machine Vision\GUI\GUIImageEnhancer\GUIImageEnhancer\x64\Debug\link.5908.read.1.tlog
F:\Projects-Machine Vision\GUI\GUIImageEnhancer\GUIImageEnhancer\x64\Debug\link.5908.write.1.tlog
F:\Projects-Machine Vision\GUI\GUIImageEnhancer\GUIImageEnhancer\x64\Debug\link.6464-cvtres.read.1.tlog
F:\Projects-Machine Vision\GUI\GUIImageEnhancer\GUIImageEnhancer\x64\Debug\link.6464-cvtres.write.1.tlog
F:\Projects-Machine Vision\GUI\GUIImageEnhancer\GUIImageEnhancer\x64\Debug\link.6464-rc.read.1.tlog
F:\Projects-Machine Vision\GUI\GUIImageEnhancer\GUIImageEnhancer\x64\Debug\link.6464-rc.write.1.tlog
F:\Projects-Machine Vision\GUI\GUIImageEnhancer\GUIImageEnhancer\x64\Debug\link.6464.read.1.tlog
F:\Projects-Machine Vision\GUI\GUIImageEnhancer\GUIImageEnhancer\x64\Debug\link.6464.write.1.tlog
F:\Projects-Machine Vision\GUI\GUIImageEnhancer\GUIImageEnhancer\x64\Debug\link.6612-cvtres.read.1.tlog
F:\Projects-Machine Vision\GUI\GUIImageEnhancer\GUIImageEnhancer\x64\Debug\link.6612-cvtres.write.1.tlog
F:\Projects-Machine Vision\GUI\GUIImageEnhancer\GUIImageEnhancer\x64\Debug\link.6612-rc.read.1.tlog
F:\Projects-Machine Vision\GUI\GUIImageEnhancer\GUIImageEnhancer\x64\Debug\link.6612-rc.write.1.tlog
F:\Projects-Machine Vision\GUI\GUIImageEnhancer\GUIImageEnhancer\x64\Debug\link.6612.read.1.tlog
F:\Projects-Machine Vision\GUI\GUIImageEnhancer\GUIImageEnhancer\x64\Debug\link.6612.write.1.tlog
F:\Projects-Machine Vision\GUI\GUIImageEnhancer\GUIImageEnhancer\x64\Debug\link.6932-cvtres.read.1.tlog
F:\Projects-Machine Vision\GUI\GUIImageEnhancer\GUIImageEnhancer\x64\Debug\link.6932-cvtres.write.1.tlog
F:\Projects-Machine Vision\GUI\GUIImageEnhancer\GUIImageEnhancer\x64\Debug\link.6932-rc.read.1.tlog
F:\Projects-Machine Vision\GUI\GUIImageEnhancer\GUIImageEnhancer\x64\Debug\link.6932-rc.write.1.tlog
F:\Projects-Machine Vision\GUI\GUIImageEnhancer\GUIImageEnhancer\x64\Debug\link.6932.read.1.tlog
F:\Projects-Machine Vision\GUI\GUIImageEnhancer\GUIImageEnhancer\x64\Debug\link.6932.write.1.tlog
F:\Projects-Machine Vision\GUI\GUIImageEnhancer\GUIImageEnhancer\x64\Debug\link.command.1.tlog
F:\Projects-Machine Vision\GUI\GUIImageEnhancer\GUIImageEnhancer\x64\Debug\link.read.1.tlog
F:\Projects-Machine Vision\GUI\GUIImageEnhancer\GUIImageEnhancer\x64\Debug\link.write.1.tlog
F:\Projects-Machine Vision\GUI\GUIImageEnhancer\GUIImageEnhancer\x64\Debug\metagen.read.1.tlog
F:\Projects-Machine Vision\GUI\GUIImageEnhancer\GUIImageEnhancer\x64\Debug\metagen.write.1.tlog
F:\Projects-Machine Vision\GUI\GUIImageEnhancer\GUIImageEnhancer\x64\Debug\vc110.pdb
F:\Projects-Machine Vision\GUI\GUIImageEnhancer\GUIImageEnhancer\x64\Debug\TZRES.DLL.bi
F:\Projects-Machine Vision\GUI\GUIImageEnhancer\x64\Debug\GUIImageEnhancer.pdb
F:\Projects-Machine Vision\GUI\GUIImageEnhancer\x64\Debug\GUIImageEnhancer.exe
F:\Projects-Machine Vision\GUI\GUIImageEnhancer\x64\Debug\GUIImageEnhancer.ilk
