Build started 3/17/2017 6:16:55 PM.
     1>Project "F:\Projects-Machine Vision\GUI\GUIImageEnhancer\GUIImageEnhancer\GUIImageEnhancer.vcxproj" on node 2 (Build target(s)).
     1>ClCompile:
         C:\Program Files (x86)\Microsoft Visual Studio 11.0\VC\bin\CL.exe /c /I"C:\Program Files\opencv\build\install\include" /IC:\opencv\opencv\build\install\include /AI"C:\Program Files (x86)\Reference Assemblies\Microsoft\Framework\.NETFramework\v4.5\\" /AI"C:\Program Files (x86)\Windows Kits\8.0\References\CommonConfiguration\Neutral" /AI"C:\Program Files (x86)\Reference Assemblies\Microsoft\Framework\.NETFramework\v4.5\Facades\\" /Zi /clr /nologo /W3 /WX- /Od /Oy- /D WIN32 /D _DEBUG /D _UNICODE /D UNICODE /EHa /MDd /GS /fp:precise /Zc:wchar_t /Zc:forScope /Fo"Debug\\" /Fd"Debug\vc110.pdb" /TP /FU"C:\Program Files (x86)\Reference Assemblies\Microsoft\Framework\.NETFramework\v4.5\mscorlib.dll" /FU"C:\Program Files (x86)\Reference Assemblies\Microsoft\Framework\.NETFramework\v4.5\System.Data.dll" /FU"C:\Program Files (x86)\Reference Assemblies\Microsoft\Framework\.NETFramework\v4.5\System.dll" /FU"C:\Program Files (x86)\Reference Assemblies\Microsoft\Framework\.NETFramework\v4.5\System.Drawing.dll" /FU"C:\Program Files (x86)\Reference Assemblies\Microsoft\Framework\.NETFramework\v4.5\System.Windows.Forms.dll" /FU"C:\Program Files (x86)\Reference Assemblies\Microsoft\Framework\.NETFramework\v4.5\System.Xml.dll" /analyze- /errorReport:prompt /clr:nostdlib MainForm.cpp
         MainForm.cpp
     1>c:\opencv\opencv\build\install\include\opencv2\core\cvstd.hpp(599): warning C4793: 'cv::String::String' : function compiled as native :
         	Found an intrinsic not supported in managed code
     1>c:\opencv\opencv\build\install\include\opencv2\core\mat.inl.hpp(392): warning C4793: 'cv::Mat::Mat' : function compiled as native :
         	Found an intrinsic not supported in managed code
     1>c:\opencv\opencv\build\install\include\opencv2\core\mat.inl.hpp(1872): warning C4793: 'cv::SparseMat::addref' : function compiled as native :
         	Found an intrinsic not supported in managed code
     1>c:\opencv\opencv\build\install\include\opencv2\core\mat.inl.hpp(3473): warning C4793: 'cv::UMat::addref' : function compiled as native :
         	Found an intrinsic not supported in managed code
     1>c:\opencv\opencv\build\install\include\opencv2\core\ptr.inl.hpp(67): warning C4793: 'cv::detail::PtrOwner::incRef' : function compiled as native :
         	Found an intrinsic not supported in managed code
     1>c:\opencv\opencv\build\install\include\opencv2\core\ptr.inl.hpp(72): warning C4793: 'cv::detail::PtrOwner::decRef' : function compiled as native :
         	Found an intrinsic not supported in managed code
       Link:
         C:\Program Files (x86)\Microsoft Visual Studio 11.0\VC\bin\link.exe /ERRORREPORT:PROMPT /OUT:"F:\Projects-Machine Vision\GUI\GUIImageEnhancer\Debug\GUIImageEnhancer.exe" /INCREMENTAL /NOLOGO /LIBPATH:C:\opencv\opencv\build\install\x64\vc11\lib\ /LIBPATH:C:\opencv\opencv\build\install\x64\vc11\bin\ opencv_core310d.lib opencv_imgproc310d.lib kernel32.lib user32.lib gdi32.lib winspool.lib comdlg32.lib advapi32.lib shell32.lib ole32.lib oleaut32.lib uuid.lib odbc32.lib odbccp32.lib /ASSEMBLYRESOURCE:Debug\GUIImageEnhancer.MainForm.resources /MANIFEST /MANIFESTUAC:"level='asInvoker' uiAccess='false'" /manifest:embed /DEBUG /PDB:"F:\Projects-Machine Vision\GUI\GUIImageEnhancer\Debug\GUIImageEnhancer.pdb" /ASSEMBLYDEBUG /SUBSYSTEM:WINDOWS /TLBID:1 /ENTRY:"main" /DYNAMICBASE /FIXED:NO /NXCOMPAT /MACHINE:X86 Debug\MainForm.obj
         "Debug\.NETFramework,Version=v4.5.AssemblyAttributes.obj"
     1>MainForm.obj : error LNK2028: unresolved token (0A000719) "public: void __thiscall cv::UMat::copySize(class cv::UMat const &)" (?copySize@UMat@cv@@$$FQAEXABV12@@Z) referenced in function "public: __thiscall cv::UMat::UMat(class cv::UMat const &)" (??0UMat@cv@@$$FQAE@ABV01@@Z)
     1>MainForm.obj : error LNK2019: unresolved external symbol "public: void __thiscall cv::UMat::copySize(class cv::UMat const &)" (?copySize@UMat@cv@@$$FQAEXABV12@@Z) referenced in function "public: __thiscall cv::UMat::UMat(class cv::UMat const &)" (??0UMat@cv@@$$FQAE@ABV01@@Z)
     1>MainForm.obj : error LNK2019: unresolved external symbol "public: void __thiscall cv::Mat::copySize(class cv::Mat const &)" (?copySize@Mat@cv@@QAEXABV12@@Z) referenced in function "public: __thiscall cv::Mat::Mat(class cv::Mat const &)" (??0Mat@cv@@QAE@ABV01@@Z)
     1>F:\Projects-Machine Vision\GUI\GUIImageEnhancer\Debug\GUIImageEnhancer.exe : fatal error LNK1120: 3 unresolved externals
     1>Done Building Project "F:\Projects-Machine Vision\GUI\GUIImageEnhancer\GUIImageEnhancer\GUIImageEnhancer.vcxproj" (Build target(s)) -- FAILED.

Build FAILED.

Time Elapsed 00:00:03.52
